{"C:\\Users\\ussuario\\Documents\\GitHub\\GithubQuery\\src\\App.tsx": {"path":"C:\\Users\\ussuario\\Documents\\GitHub\\GithubQuery\\src\\App.tsx","statementMap":{"0":{"start":{"line":1,"column":0},"end":{"line":1,"column":42}},"1":{"start":{"line":2,"column":0},"end":{"line":2,"column":49}},"2":{"start":{"line":3,"column":0},"end":{"line":3,"column":42}},"3":{"start":{"line":4,"column":0},"end":{"line":4,"column":69}},"4":{"start":{"line":5,"column":0},"end":{"line":5,"column":50}},"5":{"start":{"line":6,"column":0},"end":{"line":6,"column":70}},"6":{"start":{"line":7,"column":0},"end":{"line":7,"column":57}},"7":{"start":{"line":9,"column":12},"end":{"line":32,"column":1}},"8":{"start":{"line":10,"column":17},"end":{"line":10,"column":47}},"9":{"start":{"line":11,"column":18},"end":{"line":11,"column":44}},"10":{"start":{"line":12,"column":21},"end":{"line":12,"column":78}},"11":{"start":{"line":14,"column":2},"end":{"line":31,"column":4}},"12":{"start":{"line":34,"column":0},"end":{"line":34,"column":19}}},"fnMap":{"0":{"name":"(anonymous_1)","decl":{"start":{"line":9,"column":12},"end":{"line":9,"column":15}},"loc":{"start":{"line":9,"column":17},"end":{"line":32,"column":1}}}},"branchMap":{"0":{"loc":{"start":{"line":12,"column":21},"end":{"line":12,"column":78}},"type":"binary-expr","locations":[{"start":{"line":12,"column":21},"end":{"line":12,"column":36}},{"start":{"line":12,"column":40},"end":{"line":12,"column":78}}]},"1":{"loc":{"start":{"line":19,"column":9},"end":{"line":19,"column":46}},"type":"binary-expr","locations":[{"start":{"line":19,"column":9},"end":{"line":19,"column":16}},{"start":{"line":19,"column":20},"end":{"line":19,"column":46}}]}},"s":{"0":2,"1":2,"2":2,"3":2,"4":2,"5":2,"6":2,"7":2,"8":2,"9":2,"10":2,"11":2,"12":2},"f":{"0":2},"b":{"0":[2,2],"1":[2,0]}}
,"C:\\Users\\ussuario\\Documents\\GitHub\\GithubQuery\\src\\components\\Common\\IssueCard\\IssueCard.tsx": {"path":"C:\\Users\\ussuario\\Documents\\GitHub\\GithubQuery\\src\\components\\Common\\IssueCard\\IssueCard.tsx","statementMap":{"0":{"start":{"line":1,"column":0},"end":{"line":1,"column":46}},"1":{"start":{"line":2,"column":0},"end":{"line":2,"column":39}},"2":{"start":{"line":3,"column":0},"end":{"line":3,"column":47}},"3":{"start":{"line":11,"column":18},"end":{"line":43,"column":1}},"4":{"start":{"line":12,"column":23},"end":{"line":12,"column":122}},"5":{"start":{"line":13,"column":2},"end":{"line":42,"column":4}},"6":{"start":{"line":16,"column":8},"end":{"line":38,"column":null}},"7":{"start":{"line":45,"column":0},"end":{"line":45,"column":25}},"8":{"start":{"line":52,"column":85},"end":{"line":52,"column":40195}},"9":{"start":{"line":52,"column":89},"end":{"line":52,"column":40184}},"10":{"start":{"line":52,"column":40310},"end":{"line":52,"column":40316}},"11":{"start":{"line":52,"column":40431},"end":{"line":52,"column":40437}},"12":{"start":{"line":52,"column":40552},"end":{"line":52,"column":40558}},"13":{"start":{"line":52,"column":40677},"end":{"line":52,"column":40683}},"14":{"start":{"line":52,"column":40827},"end":{"line":52,"column":40833}}},"fnMap":{"0":{"name":"(anonymous_0)","decl":{"start":{"line":11,"column":18},"end":{"line":11,"column":19}},"loc":{"start":{"line":11,"column":55},"end":{"line":43,"column":1}}},"1":{"name":"(anonymous_1)","decl":{"start":{"line":15,"column":7},"end":{"line":15,"column":8}},"loc":{"start":{"line":16,"column":8},"end":{"line":38,"column":null}}},"2":{"name":"oo_cm","decl":{"start":{"line":52,"column":77},"end":{"line":52,"column":82}},"loc":{"start":{"line":52,"column":82},"end":{"line":52,"column":40196}}}},"branchMap":{"0":{"loc":{"start":{"line":22,"column":21},"end":{"line":22,"column":50}},"type":"cond-expr","locations":[{"start":{"line":22,"column":43},"end":{"line":22,"column":46}},{"start":{"line":22,"column":49},"end":{"line":22,"column":50}}]},"1":{"loc":{"start":{"line":52,"column":96},"end":{"line":52,"column":40183}},"type":"binary-expr","locations":[{"start":{"line":52,"column":96},"end":{"line":52,"column":133}},{"start":{"line":52,"column":137},"end":{"line":52,"column":40183}}]}},"s":{"0":3,"1":3,"2":3,"3":3,"4":2,"5":2,"6":2,"7":3,"8":2,"9":2,"10":3,"11":3,"12":3,"13":3,"14":3},"f":{"0":2,"1":2,"2":2},"b":{"0":[0,2],"1":[2,1]}}
,"C:\\Users\\ussuario\\Documents\\GitHub\\GithubQuery\\src\\components\\Common\\IssueColumn\\IssueColumn.tsx": {"path":"C:\\Users\\ussuario\\Documents\\GitHub\\GithubQuery\\src\\components\\Common\\IssueColumn\\IssueColumn.tsx","statementMap":{"0":{"start":{"line":1,"column":0},"end":{"line":1,"column":38}},"1":{"start":{"line":3,"column":0},"end":{"line":3,"column":46}},"2":{"start":{"line":4,"column":0},"end":{"line":4,"column":47}},"3":{"start":{"line":12,"column":20},"end":{"line":35,"column":1}},"4":{"start":{"line":13,"column":2},"end":{"line":34,"column":4}},"5":{"start":{"line":16,"column":8},"end":{"line":30,"column":null}},"6":{"start":{"line":28,"column":12},"end":{"line":28,"column":38}},"7":{"start":{"line":37,"column":0},"end":{"line":37,"column":27}}},"fnMap":{"0":{"name":"(anonymous_1)","decl":{"start":{"line":12,"column":20},"end":{"line":12,"column":21}},"loc":{"start":{"line":12,"column":64},"end":{"line":35,"column":1}}},"1":{"name":"(anonymous_2)","decl":{"start":{"line":15,"column":7},"end":{"line":15,"column":8}},"loc":{"start":{"line":16,"column":8},"end":{"line":30,"column":null}}},"2":{"name":"(anonymous_3)","decl":{"start":{"line":27,"column":23},"end":{"line":27,"column":24}},"loc":{"start":{"line":28,"column":12},"end":{"line":28,"column":38}}}},"branchMap":{"0":{"loc":{"start":{"line":21,"column":29},"end":{"line":23,"column":29}},"type":"cond-expr","locations":[{"start":{"line":22,"column":16},"end":{"line":22,"column":25}},{"start":{"line":23,"column":16},"end":{"line":23,"column":29}}]}},"s":{"0":3,"1":3,"2":3,"3":3,"4":7,"5":7,"6":2,"7":3},"f":{"0":7,"1":7,"2":2},"b":{"0":[0,7]}}
,"C:\\Users\\ussuario\\Documents\\GitHub\\GithubQuery\\src\\components\\Info\\Info.tsx": {"path":"C:\\Users\\ussuario\\Documents\\GitHub\\GithubQuery\\src\\components\\Info\\Info.tsx","statementMap":{"0":{"start":{"line":1,"column":0},"end":{"line":1,"column":34}},"1":{"start":{"line":2,"column":0},"end":{"line":2,"column":55}},"2":{"start":{"line":3,"column":0},"end":{"line":3,"column":60}},"3":{"start":{"line":4,"column":0},"end":{"line":4,"column":71}},"4":{"start":{"line":5,"column":0},"end":{"line":5,"column":55}},"5":{"start":{"line":6,"column":0},"end":{"line":6,"column":42}},"6":{"start":{"line":8,"column":13},"end":{"line":37,"column":1}},"7":{"start":{"line":9,"column":19},"end":{"line":9,"column":32}},"8":{"start":{"line":10,"column":37},"end":{"line":10,"column":65}},"9":{"start":{"line":11,"column":19},"end":{"line":11,"column":46}},"10":{"start":{"line":13,"column":2},"end":{"line":19,"column":30}},"11":{"start":{"line":14,"column":4},"end":{"line":18,"column":5}},"12":{"start":{"line":15,"column":6},"end":{"line":15,"column":34}},"13":{"start":{"line":16,"column":11},"end":{"line":18,"column":5}},"14":{"start":{"line":17,"column":6},"end":{"line":17,"column":32}},"15":{"start":{"line":21,"column":2},"end":{"line":21,"column":55}},"16":{"start":{"line":21,"column":17},"end":{"line":21,"column":55}},"17":{"start":{"line":22,"column":2},"end":{"line":23,"column":67}},"18":{"start":{"line":23,"column":4},"end":{"line":23,"column":67}},"19":{"start":{"line":25,"column":2},"end":{"line":36,"column":4}},"20":{"start":{"line":39,"column":0},"end":{"line":39,"column":20}}},"fnMap":{"0":{"name":"(anonymous_0)","decl":{"start":{"line":8,"column":13},"end":{"line":8,"column":14}},"loc":{"start":{"line":8,"column":50},"end":{"line":37,"column":1}}},"1":{"name":"(anonymous_1)","decl":{"start":{"line":13,"column":12},"end":{"line":13,"column":15}},"loc":{"start":{"line":13,"column":17},"end":{"line":19,"column":3}}}},"branchMap":{"0":{"loc":{"start":{"line":14,"column":4},"end":{"line":18,"column":5}},"type":"if","locations":[{"start":{"line":14,"column":4},"end":{"line":18,"column":5}},{"start":{"line":16,"column":11},"end":{"line":18,"column":5}}]},"1":{"loc":{"start":{"line":16,"column":11},"end":{"line":18,"column":5}},"type":"if","locations":[{"start":{"line":16,"column":11},"end":{"line":18,"column":5}}]},"2":{"loc":{"start":{"line":21,"column":2},"end":{"line":21,"column":55}},"type":"if","locations":[{"start":{"line":21,"column":2},"end":{"line":21,"column":55}}]},"3":{"loc":{"start":{"line":22,"column":2},"end":{"line":23,"column":67}},"type":"if","locations":[{"start":{"line":22,"column":2},"end":{"line":23,"column":67}}]},"4":{"loc":{"start":{"line":22,"column":6},"end":{"line":22,"column":33}},"type":"binary-expr","locations":[{"start":{"line":22,"column":6},"end":{"line":22,"column":11}},{"start":{"line":22,"column":15},"end":{"line":22,"column":33}}]}},"s":{"0":2,"1":2,"2":2,"3":2,"4":2,"5":2,"6":2,"7":0,"8":0,"9":0,"10":0,"11":0,"12":0,"13":0,"14":0,"15":0,"16":0,"17":0,"18":0,"19":0,"20":2},"f":{"0":0,"1":0},"b":{"0":[0,0],"1":[0],"2":[0],"3":[0],"4":[0,0]}}
,"C:\\Users\\ussuario\\Documents\\GitHub\\GithubQuery\\src\\components\\SearchBar\\SearchBar.tsx": {"path":"C:\\Users\\ussuario\\Documents\\GitHub\\GithubQuery\\src\\components\\SearchBar\\SearchBar.tsx","statementMap":{"0":{"start":{"line":1,"column":0},"end":{"line":1,"column":57}},"1":{"start":{"line":2,"column":0},"end":{"line":2,"column":55}},"2":{"start":{"line":3,"column":0},"end":{"line":3,"column":51}},"3":{"start":{"line":4,"column":0},"end":{"line":4,"column":58}},"4":{"start":{"line":5,"column":0},"end":{"line":5,"column":52}},"5":{"start":{"line":6,"column":0},"end":{"line":6,"column":54}},"6":{"start":{"line":8,"column":18},"end":{"line":38,"column":1}},"7":{"start":{"line":9,"column":19},"end":{"line":9,"column":32}},"8":{"start":{"line":10,"column":18},"end":{"line":10,"column":44}},"9":{"start":{"line":12,"column":37},"end":{"line":14,"column":4}},"10":{"start":{"line":16,"column":27},"end":{"line":18,"column":3}},"11":{"start":{"line":17,"column":4},"end":{"line":17,"column":61}},"12":{"start":{"line":17,"column":14},"end":{"line":17,"column":61}},"13":{"start":{"line":20,"column":2},"end":{"line":37,"column":4}},"14":{"start":{"line":27,"column":27},"end":{"line":27,"column":63}},"15":{"start":{"line":40,"column":0},"end":{"line":40,"column":25}}},"fnMap":{"0":{"name":"(anonymous_0)","decl":{"start":{"line":8,"column":18},"end":{"line":8,"column":21}},"loc":{"start":{"line":8,"column":23},"end":{"line":38,"column":1}}},"1":{"name":"(anonymous_1)","decl":{"start":{"line":16,"column":27},"end":{"line":16,"column":30}},"loc":{"start":{"line":16,"column":32},"end":{"line":18,"column":3}}},"2":{"name":"(anonymous_2)","decl":{"start":{"line":27,"column":20},"end":{"line":27,"column":21}},"loc":{"start":{"line":27,"column":27},"end":{"line":27,"column":63}}}},"branchMap":{"0":{"loc":{"start":{"line":17,"column":4},"end":{"line":17,"column":61}},"type":"if","locations":[{"start":{"line":17,"column":4},"end":{"line":17,"column":61}}]},"1":{"loc":{"start":{"line":31,"column":53},"end":{"line":31,"column":74}},"type":"binary-expr","locations":[{"start":{"line":31,"column":53},"end":{"line":31,"column":61}},{"start":{"line":31,"column":65},"end":{"line":31,"column":74}}]},"2":{"loc":{"start":{"line":35,"column":7},"end":{"line":35,"column":74}},"type":"binary-expr","locations":[{"start":{"line":35,"column":7},"end":{"line":35,"column":12}},{"start":{"line":35,"column":16},"end":{"line":35,"column":74}}]}},"s":{"0":3,"1":3,"2":3,"3":3,"4":3,"5":3,"6":3,"7":6,"8":6,"9":6,"10":6,"11":0,"12":0,"13":6,"14":1,"15":3},"f":{"0":6,"1":0,"2":1},"b":{"0":[0],"1":[6,3],"2":[6,1]}}
,"C:\\Users\\ussuario\\Documents\\GitHub\\GithubQuery\\src\\providers\\AppProvider.tsx": {"path":"C:\\Users\\ussuario\\Documents\\GitHub\\GithubQuery\\src\\providers\\AppProvider.tsx","statementMap":{"0":{"start":{"line":2,"column":0},"end":{"line":2,"column":64}},"1":{"start":{"line":3,"column":0},"end":{"line":3,"column":55}},"2":{"start":{"line":4,"column":0},"end":{"line":4,"column":64}},"3":{"start":{"line":5,"column":0},"end":{"line":5,"column":51}},"4":{"start":{"line":11,"column":20},"end":{"line":45,"column":1}},"5":{"start":{"line":12,"column":19},"end":{"line":12,"column":32}},"6":{"start":{"line":13,"column":18},"end":{"line":13,"column":44}},"7":{"start":{"line":15,"column":24},"end":{"line":40,"column":3}},"8":{"start":{"line":16,"column":4},"end":{"line":16,"column":48}},"9":{"start":{"line":16,"column":41},"end":{"line":16,"column":48}},"10":{"start":{"line":18,"column":36},"end":{"line":18,"column":42}},"11":{"start":{"line":20,"column":4},"end":{"line":39,"column":5}},"12":{"start":{"line":21,"column":6},"end":{"line":28,"column":8}},"13":{"start":{"line":30,"column":6},"end":{"line":38,"column":8}},"14":{"start":{"line":42,"column":2},"end":{"line":44,"column":4}},"15":{"start":{"line":47,"column":0},"end":{"line":47,"column":27}}},"fnMap":{"0":{"name":"(anonymous_0)","decl":{"start":{"line":11,"column":20},"end":{"line":11,"column":21}},"loc":{"start":{"line":11,"column":55},"end":{"line":45,"column":1}}},"1":{"name":"(anonymous_1)","decl":{"start":{"line":15,"column":24},"end":{"line":15,"column":25}},"loc":{"start":{"line":15,"column":47},"end":{"line":40,"column":3}}}},"branchMap":{"0":{"loc":{"start":{"line":16,"column":4},"end":{"line":16,"column":48}},"type":"if","locations":[{"start":{"line":16,"column":4},"end":{"line":16,"column":48}}]},"1":{"loc":{"start":{"line":16,"column":8},"end":{"line":16,"column":39}},"type":"binary-expr","locations":[{"start":{"line":16,"column":8},"end":{"line":16,"column":27}},{"start":{"line":16,"column":31},"end":{"line":16,"column":39}}]},"2":{"loc":{"start":{"line":20,"column":4},"end":{"line":39,"column":5}},"type":"if","locations":[{"start":{"line":20,"column":4},"end":{"line":39,"column":5}},{"start":{"line":29,"column":11},"end":{"line":39,"column":5}}]}},"s":{"0":2,"1":2,"2":2,"3":2,"4":2,"5":2,"6":2,"7":2,"8":0,"9":0,"10":0,"11":0,"12":0,"13":0,"14":2,"15":2},"f":{"0":2,"1":0},"b":{"0":[0],"1":[0,0],"2":[0,0]}}
,"C:\\Users\\ussuario\\Documents\\GitHub\\GithubQuery\\src\\redux\\githubApi.ts": {"path":"C:\\Users\\ussuario\\Documents\\GitHub\\GithubQuery\\src\\redux\\githubApi.ts","statementMap":{"0":{"start":{"line":1,"column":0},"end":{"line":1,"column":73}},"1":{"start":{"line":4,"column":17},"end":{"line":4,"column":41}},"2":{"start":{"line":6,"column":13},"end":{"line":56,"column":3}},"3":{"start":{"line":11,"column":6},"end":{"line":11,"column":62}},"4":{"start":{"line":12,"column":6},"end":{"line":12,"column":21}},"5":{"start":{"line":15,"column":27},"end":{"line":55,"column":4}},"6":{"start":{"line":19,"column":10},"end":{"line":19,"column":62}},"7":{"start":{"line":20,"column":8},"end":{"line":20,"column":67}},"8":{"start":{"line":20,"column":29},"end":{"line":20,"column":67}},"9":{"start":{"line":22,"column":8},"end":{"line":22,"column":61}},"10":{"start":{"line":26,"column":8},"end":{"line":35,"column":12}},"11":{"start":{"line":26,"column":40},"end":{"line":35,"column":10}},"12":{"start":{"line":42,"column":10},"end":{"line":42,"column":62}},"13":{"start":{"line":43,"column":8},"end":{"line":43,"column":67}},"14":{"start":{"line":43,"column":29},"end":{"line":43,"column":67}},"15":{"start":{"line":44,"column":8},"end":{"line":44,"column":41}},"16":{"start":{"line":47,"column":64},"end":{"line":53,"column":8}},"17":{"start":{"line":58,"column":15},"end":{"line":58,"column":68}}},"fnMap":{"0":{"name":"(anonymous_0)","decl":{"start":{"line":10,"column":20},"end":{"line":10,"column":21}},"loc":{"start":{"line":10,"column":32},"end":{"line":13,"column":5}}},"1":{"name":"(anonymous_1)","decl":{"start":{"line":15,"column":13},"end":{"line":15,"column":14}},"loc":{"start":{"line":15,"column":27},"end":{"line":55,"column":4}}},"2":{"name":"(anonymous_2)","decl":{"start":{"line":17,"column":13},"end":{"line":17,"column":14}},"loc":{"start":{"line":17,"column":25},"end":{"line":23,"column":7}}},"3":{"name":"(anonymous_3)","decl":{"start":{"line":25,"column":25},"end":{"line":25,"column":26}},"loc":{"start":{"line":25,"column":64},"end":{"line":36,"column":7}}},"4":{"name":"(anonymous_4)","decl":{"start":{"line":26,"column":28},"end":{"line":26,"column":29}},"loc":{"start":{"line":26,"column":40},"end":{"line":35,"column":10}}},"5":{"name":"(anonymous_5)","decl":{"start":{"line":40,"column":13},"end":{"line":40,"column":14}},"loc":{"start":{"line":40,"column":25},"end":{"line":45,"column":7}}},"6":{"name":"(anonymous_6)","decl":{"start":{"line":47,"column":25},"end":{"line":47,"column":26}},"loc":{"start":{"line":47,"column":64},"end":{"line":53,"column":8}}}},"branchMap":{"0":{"loc":{"start":{"line":19,"column":10},"end":{"line":19,"column":62}},"type":"binary-expr","locations":[{"start":{"line":19,"column":10},"end":{"line":19,"column":56}},{"start":{"line":19,"column":60},"end":{"line":19,"column":62}}]},"1":{"loc":{"start":{"line":20,"column":8},"end":{"line":20,"column":67}},"type":"if","locations":[{"start":{"line":20,"column":8},"end":{"line":20,"column":67}}]},"2":{"loc":{"start":{"line":20,"column":12},"end":{"line":20,"column":27}},"type":"binary-expr","locations":[{"start":{"line":20,"column":12},"end":{"line":20,"column":18}},{"start":{"line":20,"column":22},"end":{"line":20,"column":27}}]},"3":{"loc":{"start":{"line":34,"column":20},"end":{"line":34,"column":75}},"type":"cond-expr","locations":[{"start":{"line":34,"column":37},"end":{"line":34,"column":68}},{"start":{"line":34,"column":71},"end":{"line":34,"column":75}}]},"4":{"loc":{"start":{"line":42,"column":10},"end":{"line":42,"column":62}},"type":"binary-expr","locations":[{"start":{"line":42,"column":10},"end":{"line":42,"column":56}},{"start":{"line":42,"column":60},"end":{"line":42,"column":62}}]},"5":{"loc":{"start":{"line":43,"column":8},"end":{"line":43,"column":67}},"type":"if","locations":[{"start":{"line":43,"column":8},"end":{"line":43,"column":67}}]},"6":{"loc":{"start":{"line":43,"column":12},"end":{"line":43,"column":27}},"type":"binary-expr","locations":[{"start":{"line":43,"column":12},"end":{"line":43,"column":18}},{"start":{"line":43,"column":22},"end":{"line":43,"column":27}}]}},"s":{"0":4,"1":4,"2":4,"3":1,"4":1,"5":4,"6":1,"7":1,"8":0,"9":1,"10":0,"11":0,"12":0,"13":0,"14":0,"15":0,"16":0,"17":4},"f":{"0":1,"1":4,"2":1,"3":0,"4":0,"5":0,"6":0},"b":{"0":[1,0],"1":[0],"2":[1,1],"3":[0,0],"4":[0,0],"5":[0],"6":[0,0]}}
,"C:\\Users\\ussuario\\Documents\\GitHub\\GithubQuery\\src\\redux\\issuesSlice.ts": {"path":"C:\\Users\\ussuario\\Documents\\GitHub\\GithubQuery\\src\\redux\\issuesSlice.ts","statementMap":{"0":{"start":{"line":1,"column":0},"end":{"line":1,"column":62}},"1":{"start":{"line":4,"column":35},"end":{"line":4,"column":37}},"2":{"start":{"line":6,"column":20},"end":{"line":64,"column":2}},"3":{"start":{"line":14,"column":34},"end":{"line":14,"column":48}},"4":{"start":{"line":15,"column":6},"end":{"line":23,"column":8}},"5":{"start":{"line":17,"column":21},"end":{"line":17,"column":62}},"6":{"start":{"line":20,"column":21},"end":{"line":20,"column":61}},"7":{"start":{"line":22,"column":39},"end":{"line":22,"column":63}},"8":{"start":{"line":36,"column":50},"end":{"line":36,"column":64}},"9":{"start":{"line":37,"column":6},"end":{"line":37,"column":34}},"10":{"start":{"line":37,"column":27},"end":{"line":37,"column":34}},"11":{"start":{"line":39,"column":25},"end":{"line":40,"column":null}},"12":{"start":{"line":40,"column":19},"end":{"line":40,"column":34}},"13":{"start":{"line":42,"column":6},"end":{"line":42,"column":36}},"14":{"start":{"line":42,"column":29},"end":{"line":42,"column":36}},"15":{"start":{"line":44,"column":27},"end":{"line":44,"column":69}},"16":{"start":{"line":45,"column":6},"end":{"line":45,"column":57}},"17":{"start":{"line":57,"column":54},"end":{"line":57,"column":68}},"18":{"start":{"line":58,"column":6},"end":{"line":58,"column":34}},"19":{"start":{"line":58,"column":27},"end":{"line":58,"column":34}},"20":{"start":{"line":60,"column":27},"end":{"line":60,"column":70}},"21":{"start":{"line":61,"column":6},"end":{"line":61,"column":60}},"22":{"start":{"line":66,"column":13},"end":{"line":66,"column":55}},"23":{"start":{"line":67,"column":0},"end":{"line":67,"column":35}}},"fnMap":{"0":{"name":"(anonymous_0)","decl":{"start":{"line":10,"column":15},"end":{"line":10,"column":null}},"loc":{"start":{"line":13,"column":8},"end":{"line":24,"column":5}}},"1":{"name":"(anonymous_1)","decl":{"start":{"line":17,"column":10},"end":{"line":17,"column":11}},"loc":{"start":{"line":17,"column":21},"end":{"line":17,"column":62}}},"2":{"name":"(anonymous_2)","decl":{"start":{"line":20,"column":10},"end":{"line":20,"column":11}},"loc":{"start":{"line":20,"column":21},"end":{"line":20,"column":61}}},"3":{"name":"(anonymous_3)","decl":{"start":{"line":22,"column":28},"end":{"line":22,"column":29}},"loc":{"start":{"line":22,"column":39},"end":{"line":22,"column":63}}},"4":{"name":"(anonymous_4)","decl":{"start":{"line":26,"column":15},"end":{"line":26,"column":null}},"loc":{"start":{"line":35,"column":8},"end":{"line":46,"column":5}}},"5":{"name":"(anonymous_5)","decl":{"start":{"line":40,"column":8},"end":{"line":40,"column":9}},"loc":{"start":{"line":40,"column":19},"end":{"line":40,"column":34}}},"6":{"name":"(anonymous_6)","decl":{"start":{"line":48,"column":19},"end":{"line":48,"column":null}},"loc":{"start":{"line":56,"column":8},"end":{"line":62,"column":5}}}},"branchMap":{"0":{"loc":{"start":{"line":17,"column":21},"end":{"line":17,"column":62}},"type":"binary-expr","locations":[{"start":{"line":17,"column":21},"end":{"line":17,"column":36}},{"start":{"line":17,"column":40},"end":{"line":17,"column":62}}]},"1":{"loc":{"start":{"line":20,"column":21},"end":{"line":20,"column":61}},"type":"binary-expr","locations":[{"start":{"line":20,"column":21},"end":{"line":20,"column":35}},{"start":{"line":20,"column":39},"end":{"line":20,"column":61}}]},"2":{"loc":{"start":{"line":37,"column":6},"end":{"line":37,"column":34}},"type":"if","locations":[{"start":{"line":37,"column":6},"end":{"line":37,"column":34}}]},"3":{"loc":{"start":{"line":42,"column":6},"end":{"line":42,"column":36}},"type":"if","locations":[{"start":{"line":42,"column":6},"end":{"line":42,"column":36}}]},"4":{"loc":{"start":{"line":58,"column":6},"end":{"line":58,"column":34}},"type":"if","locations":[{"start":{"line":58,"column":6},"end":{"line":58,"column":34}}]}},"s":{"0":4,"1":4,"2":4,"3":2,"4":2,"5":1,"6":1,"7":1,"8":0,"9":0,"10":0,"11":0,"12":0,"13":0,"14":0,"15":0,"16":0,"17":0,"18":0,"19":0,"20":0,"21":0,"22":4,"23":4},"f":{"0":2,"1":1,"2":1,"3":1,"4":0,"5":0,"6":0},"b":{"0":[1,1],"1":[1,0],"2":[0],"3":[0],"4":[0]}}
,"C:\\Users\\ussuario\\Documents\\GitHub\\GithubQuery\\src\\redux\\repoInfoSlice.ts": {"path":"C:\\Users\\ussuario\\Documents\\GitHub\\GithubQuery\\src\\redux\\repoInfoSlice.ts","statementMap":{"0":{"start":{"line":1,"column":0},"end":{"line":1,"column":62}},"1":{"start":{"line":4,"column":36},"end":{"line":10,"column":2}},"2":{"start":{"line":12,"column":22},"end":{"line":21,"column":2}},"3":{"start":{"line":17,"column":6},"end":{"line":17,"column":28}},"4":{"start":{"line":19,"column":25},"end":{"line":19,"column":37}},"5":{"start":{"line":23,"column":13},"end":{"line":23,"column":46}},"6":{"start":{"line":24,"column":0},"end":{"line":24,"column":37}}},"fnMap":{"0":{"name":"(anonymous_0)","decl":{"start":{"line":16,"column":17},"end":{"line":16,"column":18}},"loc":{"start":{"line":16,"column":65},"end":{"line":18,"column":5}}},"1":{"name":"(anonymous_1)","decl":{"start":{"line":19,"column":19},"end":{"line":19,"column":22}},"loc":{"start":{"line":19,"column":25},"end":{"line":19,"column":37}}}},"branchMap":{},"s":{"0":4,"1":4,"2":4,"3":0,"4":0,"5":4,"6":4},"f":{"0":0,"1":0},"b":{}}
,"C:\\Users\\ussuario\\Documents\\GitHub\\GithubQuery\\src\\redux\\repoSlice.ts": {"path":"C:\\Users\\ussuario\\Documents\\GitHub\\GithubQuery\\src\\redux\\repoSlice.ts","statementMap":{"0":{"start":{"line":1,"column":0},"end":{"line":1,"column":62}},"1":{"start":{"line":4,"column":32},"end":{"line":6,"column":2}},"2":{"start":{"line":8,"column":18},"end":{"line":16,"column":2}},"3":{"start":{"line":13,"column":6},"end":{"line":13,"column":33}},"4":{"start":{"line":18,"column":15},"end":{"line":18,"column":48}},"5":{"start":{"line":19,"column":0},"end":{"line":19,"column":33}}},"fnMap":{"0":{"name":"(anonymous_0)","decl":{"start":{"line":12,"column":16},"end":{"line":12,"column":17}},"loc":{"start":{"line":12,"column":57},"end":{"line":14,"column":5}}}},"branchMap":{},"s":{"0":4,"1":4,"2":4,"3":1,"4":4,"5":4},"f":{"0":1},"b":{}}
,"C:\\Users\\ussuario\\Documents\\GitHub\\GithubQuery\\src\\redux\\selectors.ts": {"path":"C:\\Users\\ussuario\\Documents\\GitHub\\GithubQuery\\src\\redux\\selectors.ts","statementMap":{"0":{"start":{"line":3,"column":29},"end":{"line":3,"column":65}},"1":{"start":{"line":3,"column":51},"end":{"line":3,"column":65}},"2":{"start":{"line":3,"column":13},"end":{"line":3,"column":29}},"3":{"start":{"line":4,"column":33},"end":{"line":4,"column":67}},"4":{"start":{"line":4,"column":55},"end":{"line":4,"column":67}},"5":{"start":{"line":4,"column":13},"end":{"line":4,"column":33}},"6":{"start":{"line":5,"column":30},"end":{"line":5,"column":66}},"7":{"start":{"line":5,"column":52},"end":{"line":5,"column":66}},"8":{"start":{"line":5,"column":13},"end":{"line":5,"column":30}}},"fnMap":{"0":{"name":"(anonymous_0)","decl":{"start":{"line":3,"column":29},"end":{"line":3,"column":30}},"loc":{"start":{"line":3,"column":51},"end":{"line":3,"column":65}}},"1":{"name":"(anonymous_1)","decl":{"start":{"line":4,"column":33},"end":{"line":4,"column":34}},"loc":{"start":{"line":4,"column":55},"end":{"line":4,"column":67}}},"2":{"name":"(anonymous_2)","decl":{"start":{"line":5,"column":30},"end":{"line":5,"column":31}},"loc":{"start":{"line":5,"column":52},"end":{"line":5,"column":66}}}},"branchMap":{},"s":{"0":3,"1":17,"2":3,"3":3,"4":4,"5":3,"6":3,"7":0,"8":3},"f":{"0":17,"1":4,"2":0},"b":{}}
,"C:\\Users\\ussuario\\Documents\\GitHub\\GithubQuery\\src\\redux\\store.ts": {"path":"C:\\Users\\ussuario\\Documents\\GitHub\\GithubQuery\\src\\redux\\store.ts","statementMap":{"0":{"start":{"line":1,"column":0},"end":{"line":1,"column":50}},"1":{"start":{"line":2,"column":0},"end":{"line":2,"column":40}},"2":{"start":{"line":3,"column":0},"end":{"line":3,"column":56}},"3":{"start":{"line":4,"column":0},"end":{"line":4,"column":42}},"4":{"start":{"line":5,"column":0},"end":{"line":5,"column":38}},"5":{"start":{"line":6,"column":0},"end":{"line":6,"column":61}},"6":{"start":{"line":7,"column":0},"end":{"line":7,"column":48}},"7":{"start":{"line":8,"column":0},"end":{"line":8,"column":46}},"8":{"start":{"line":10,"column":22},"end":{"line":13,"column":2}},"9":{"start":{"line":15,"column":30},"end":{"line":18,"column":2}},"10":{"start":{"line":20,"column":26},"end":{"line":23,"column":2}},"11":{"start":{"line":25,"column":31},"end":{"line":25,"column":75}},"12":{"start":{"line":26,"column":33},"end":{"line":28,"column":null}},"13":{"start":{"line":30,"column":29},"end":{"line":30,"column":75}},"14":{"start":{"line":32,"column":13},"end":{"line":43,"column":3}},"15":{"start":{"line":40,"column":4},"end":{"line":41,"column":null}},"16":{"start":{"line":45,"column":0},"end":{"line":45,"column":31}},"17":{"start":{"line":47,"column":13},"end":{"line":47,"column":45}}},"fnMap":{"0":{"name":"(anonymous_1)","decl":{"start":{"line":39,"column":14},"end":{"line":39,"column":15}},"loc":{"start":{"line":40,"column":4},"end":{"line":41,"column":null}}}},"branchMap":{},"s":{"0":4,"1":4,"2":4,"3":4,"4":4,"5":4,"6":4,"7":4,"8":4,"9":4,"10":4,"11":4,"12":4,"13":4,"14":4,"15":4,"16":4,"17":4},"f":{"0":4},"b":{}}
,"C:\\Users\\ussuario\\Documents\\GitHub\\GithubQuery\\src\\tests\\test-utils.tsx": {"path":"C:\\Users\\ussuario\\Documents\\GitHub\\GithubQuery\\src\\tests\\test-utils.tsx","statementMap":{"0":{"start":{"line":2,"column":0},"end":{"line":2,"column":null}},"1":{"start":{"line":14,"column":9},"end":{"line":5,"column":null}},"2":{"start":{"line":14,"column":17},"end":{"line":6,"column":null}},"3":{"start":{"line":14,"column":28},"end":{"line":7,"column":null}},"4":{"start":{"line":14,"column":37},"end":{"line":8,"column":null}},"5":{"start":{"line":10,"column":0},"end":{"line":10,"column":39}},"6":{"start":{"line":11,"column":0},"end":{"line":11,"column":39}},"7":{"start":{"line":17,"column":21},"end":{"line":21,"column":1}},"8":{"start":{"line":18,"column":2},"end":{"line":20,"column":5}},"9":{"start":{"line":19,"column":4},"end":{"line":19,"column":64}},"10":{"start":{"line":24,"column":25},"end":{"line":24,"column":31}},"11":{"start":{"line":27,"column":0},"end":{"line":27,"column":35}}},"fnMap":{"0":{"name":"(anonymous_0)","decl":{"start":{"line":14,"column":9},"end":{"line":14,"column":15}},"loc":{"start":{"line":14,"column":9},"end":{"line":5,"column":null}}},"1":{"name":"(anonymous_1)","decl":{"start":{"line":14,"column":17},"end":{"line":14,"column":26}},"loc":{"start":{"line":14,"column":17},"end":{"line":6,"column":null}}},"2":{"name":"(anonymous_2)","decl":{"start":{"line":14,"column":28},"end":{"line":14,"column":35}},"loc":{"start":{"line":14,"column":28},"end":{"line":7,"column":null}}},"3":{"name":"(anonymous_3)","decl":{"start":{"line":14,"column":37},"end":{"line":14,"column":40}},"loc":{"start":{"line":14,"column":37},"end":{"line":8,"column":null}}},"4":{"name":"(anonymous_4)","decl":{"start":{"line":17,"column":21},"end":{"line":17,"column":26}},"loc":{"start":{"line":17,"column":70},"end":{"line":21,"column":1}}},"5":{"name":"(anonymous_5)","decl":{"start":{"line":18,"column":12},"end":{"line":18,"column":17}},"loc":{"start":{"line":18,"column":23},"end":{"line":20,"column":3}}}},"branchMap":{},"s":{"0":4,"1":30,"2":5,"3":7,"4":6,"5":4,"6":4,"7":4,"8":4,"9":4,"10":4,"11":4},"f":{"0":26,"1":1,"2":3,"3":2,"4":4,"5":4},"b":{}}
}
