TN:
SF:src\App.tsx
FN:9,(anonymous_1)
FNF:1
FNH:1
FNDA:2,(anonymous_1)
DA:1,2
DA:2,2
DA:3,2
DA:4,2
DA:5,2
DA:6,2
DA:7,2
DA:9,2
DA:10,2
DA:11,2
DA:12,2
DA:14,2
DA:34,2
LF:13
LH:13
BRDA:12,0,0,2
BRDA:12,0,1,2
BRDA:19,1,0,2
BRDA:19,1,1,0
BRF:4
BRH:3
end_of_record
TN:
SF:src\components\Common\IssueCard\IssueCard.tsx
FN:11,(anonymous_0)
FN:14,(anonymous_1)
FNF:2
FNH:0
FNDA:0,(anonymous_0)
FNDA:0,(anonymous_1)
DA:1,3
DA:2,3
DA:3,3
DA:11,3
DA:12,0
DA:15,0
DA:44,3
LF:7
LH:5
BRDA:21,0,0,0
BRDA:21,0,1,0
BRF:2
BRH:0
end_of_record
TN:
SF:src\components\Common\IssueColumn\IssueColumn.tsx
FN:12,(anonymous_1)
FN:15,(anonymous_2)
FN:27,(anonymous_3)
FNF:3
FNH:2
FNDA:8,(anonymous_1)
FNDA:6,(anonymous_2)
FNDA:0,(anonymous_3)
DA:1,3
DA:3,3
DA:4,3
DA:12,3
DA:13,8
DA:16,6
DA:28,0
DA:37,3
LF:8
LH:7
BRDA:21,0,0,0
BRDA:21,0,1,6
BRF:2
BRH:1
end_of_record
TN:
SF:src\components\Info\Info.tsx
FN:8,(anonymous_0)
FN:13,(anonymous_1)
FNF:2
FNH:0
FNDA:0,(anonymous_0)
FNDA:0,(anonymous_1)
DA:1,2
DA:2,2
DA:3,2
DA:4,2
DA:5,2
DA:6,2
DA:8,2
DA:9,0
DA:10,0
DA:11,0
DA:13,0
DA:14,0
DA:15,0
DA:16,0
DA:17,0
DA:21,0
DA:22,0
DA:23,0
DA:25,0
DA:39,2
LF:20
LH:8
BRDA:14,0,0,0
BRDA:14,0,1,0
BRDA:16,1,0,0
BRDA:21,2,0,0
BRDA:22,3,0,0
BRDA:22,4,0,0
BRDA:22,4,1,0
BRF:7
BRH:0
end_of_record
TN:
SF:src\components\SearchBar\SearchBar.tsx
FN:8,(anonymous_0)
FN:16,(anonymous_1)
FN:27,(anonymous_2)
FNF:3
FNH:2
FNDA:6,(anonymous_0)
FNDA:0,(anonymous_1)
FNDA:1,(anonymous_2)
DA:1,3
DA:2,3
DA:3,3
DA:4,3
DA:5,3
DA:6,3
DA:8,3
DA:9,6
DA:10,6
DA:12,6
DA:16,6
DA:17,0
DA:20,6
DA:27,1
DA:40,3
LF:15
LH:14
BRDA:17,0,0,0
BRDA:31,1,0,6
BRDA:31,1,1,3
BRDA:35,2,0,6
BRDA:35,2,1,1
BRF:5
BRH:4
end_of_record
TN:
SF:src\providers\AppProvider.tsx
FN:11,(anonymous_0)
FN:15,(anonymous_1)
FNF:2
FNH:1
FNDA:2,(anonymous_0)
FNDA:0,(anonymous_1)
DA:2,2
DA:3,2
DA:4,2
DA:5,2
DA:11,2
DA:12,2
DA:13,2
DA:15,2
DA:16,0
DA:18,0
DA:20,0
DA:21,0
DA:30,0
DA:42,2
DA:47,2
LF:15
LH:10
BRDA:16,0,0,0
BRDA:16,1,0,0
BRDA:16,1,1,0
BRDA:20,2,0,0
BRDA:20,2,1,0
BRF:5
BRH:0
end_of_record
TN:
SF:src\redux\githubApi.ts
FN:10,(anonymous_0)
FN:15,(anonymous_1)
FN:17,(anonymous_2)
FN:25,(anonymous_3)
FN:26,(anonymous_4)
FN:40,(anonymous_5)
FN:47,(anonymous_6)
FNF:7
FNH:3
FNDA:1,(anonymous_0)
FNDA:4,(anonymous_1)
FNDA:1,(anonymous_2)
FNDA:0,(anonymous_3)
FNDA:0,(anonymous_4)
FNDA:0,(anonymous_5)
FNDA:0,(anonymous_6)
DA:1,4
DA:4,4
DA:6,4
DA:11,1
DA:12,1
DA:15,4
DA:19,1
DA:20,1
DA:22,1
DA:26,0
DA:42,0
DA:43,0
DA:44,0
DA:47,0
DA:58,4
LF:15
LH:10
BRDA:19,0,0,1
BRDA:19,0,1,0
BRDA:20,1,0,0
BRDA:20,2,0,1
BRDA:20,2,1,1
BRDA:34,3,0,0
BRDA:34,3,1,0
BRDA:42,4,0,0
BRDA:42,4,1,0
BRDA:43,5,0,0
BRDA:43,6,0,0
BRDA:43,6,1,0
BRF:12
BRH:3
end_of_record
TN:
SF:src\redux\issuesSlice.ts
FN:10,(anonymous_0)
FN:17,(anonymous_1)
FN:20,(anonymous_2)
FN:22,(anonymous_3)
FN:26,(anonymous_4)
FN:40,(anonymous_5)
FN:48,(anonymous_6)
FNF:7
FNH:4
FNDA:1,(anonymous_0)
FNDA:1,(anonymous_1)
FNDA:1,(anonymous_2)
FNDA:1,(anonymous_3)
FNDA:0,(anonymous_4)
FNDA:0,(anonymous_5)
FNDA:0,(anonymous_6)
DA:1,4
DA:4,4
DA:6,4
DA:14,1
DA:15,1
DA:17,1
DA:20,1
DA:22,1
DA:36,0
DA:37,0
DA:39,0
DA:40,0
DA:42,0
DA:44,0
DA:45,0
DA:57,0
DA:58,0
DA:60,0
DA:61,0
DA:66,4
DA:67,4
LF:21
LH:10
BRDA:17,0,0,1
BRDA:17,0,1,1
BRDA:20,1,0,1
BRDA:20,1,1,0
BRDA:37,2,0,0
BRDA:42,3,0,0
BRDA:58,4,0,0
BRF:7
BRH:3
end_of_record
TN:
SF:src\redux\repoInfoSlice.ts
FN:16,(anonymous_0)
FN:19,(anonymous_1)
FNF:2
FNH:0
FNDA:0,(anonymous_0)
FNDA:0,(anonymous_1)
DA:1,4
DA:4,4
DA:12,4
DA:17,0
DA:19,0
DA:23,4
DA:24,4
LF:7
LH:5
BRF:0
BRH:0
end_of_record
TN:
SF:src\redux\repoSlice.ts
FN:12,(anonymous_0)
FNF:1
FNH:1
FNDA:1,(anonymous_0)
DA:1,4
DA:4,4
DA:8,4
DA:13,1
DA:18,4
DA:19,4
LF:6
LH:6
BRF:0
BRH:0
end_of_record
TN:
SF:src\redux\selectors.ts
FN:3,(anonymous_0)
FN:4,(anonymous_1)
FN:5,(anonymous_2)
FNF:3
FNH:2
FNDA:17,(anonymous_0)
FNDA:4,(anonymous_1)
FNDA:0,(anonymous_2)
DA:3,17
DA:4,4
DA:5,3
LF:3
LH:3
BRF:0
BRH:0
end_of_record
TN:
SF:src\redux\store.ts
FN:39,(anonymous_1)
FNF:1
FNH:1
FNDA:4,(anonymous_1)
DA:1,4
DA:2,4
DA:3,4
DA:4,4
DA:5,4
DA:6,4
DA:7,4
DA:8,4
DA:10,4
DA:15,4
DA:20,4
DA:25,4
DA:26,4
DA:30,4
DA:32,4
DA:40,4
DA:45,4
DA:47,4
LF:18
LH:18
BRF:0
BRH:0
end_of_record
TN:
SF:src\tests\test-utils.tsx
FN:8,(anonymous_4)
FN:9,(anonymous_5)
FNF:2
FNH:2
FNDA:4,(anonymous_4)
FNDA:4,(anonymous_5)
DA:1,4
DA:3,4
DA:4,4
DA:5,4
DA:6,4
DA:8,4
DA:9,4
DA:10,4
DA:14,4
DA:15,4
LF:10
LH:10
BRF:0
BRH:0
end_of_record
